<?xml version="1.0" encoding="UTF-8"?>
<!-- Generated by org.testng.reporters.JUnitReportReporter -->
<testsuite hostname="LAPTOP-3FC1F8QA" failures="0" tests="1" name="ps_Five.Jenkins_01" time="1.568" errors="0" timestamp="2024-02-10T21:26:47 IST" skipped="0">
  <testcase classname="ps_Five.Jenkins_01" name="testLogin" time="1.568"/>
</testsuite> <!-- ps_Five.Jenkins_01 -->
